{
  "stats": {
    "suites": 2,
    "tests": 5,
    "passes": 5,
    "pending": 0,
    "failures": 0,
    "start": "2024-07-15T13:26:17.186Z",
    "end": "2024-07-15T13:26:17.236Z",
    "duration": 50,
    "testsRegistered": 5,
    "passPercent": 100,
    "pendingPercent": 0,
    "other": 0,
    "hasOther": false,
    "skipped": 0,
    "hasSkipped": false,
    "passPercentClass": "success",
    "pendingPercentClass": "danger"
  },
  "suites": {
    "uuid": "71af6b27-700a-42e9-b4b7-b82107aa00e7",
    "title": "",
    "fullFile": "",
    "file": "",
    "beforeHooks": [],
    "afterHooks": [],
    "tests": [],
    "suites": [
      {
        "uuid": "f78db245-3aee-432e-be82-f608f525ffbd",
        "title": "Test that the data fetched from OpenWeatherMap is processed correctly",
        "fullFile": "D:\\Dev\\cicd\\test\\preparing-data-test.js",
        "file": "\\test\\preparing-data-test.js",
        "beforeHooks": [],
        "afterHooks": [],
        "tests": [
          {
            "title": "Should check fetched data is processed correctly",
            "fullTitle": "Test that the data fetched from OpenWeatherMap is processed correctly Should check fetched data is processed correctly",
            "timedOut": false,
            "duration": 2,
            "state": "passed",
            "speed": "fast",
            "pass": true,
            "fail": false,
            "pending": false,
            "code": "var callback = sinon.stub();\ncallback.withArgs(\"London\").returns(rawWeatherData);\n//TODO",
            "err": {},
            "isRoot": false,
            "uuid": "58b7173d-7699-4a02-988c-b07e170c8891",
            "isHook": false,
            "skipped": false
          }
        ],
        "suites": [],
        "passes": [
          "58b7173d-7699-4a02-988c-b07e170c8891"
        ],
        "failures": [],
        "pending": [],
        "skipped": [],
        "duration": 2,
        "root": false,
        "rootEmpty": false,
        "_timeout": 2000
      },
      {
        "uuid": "cb02d7de-15f4-430d-952c-29d3da936016",
        "title": "Test the weather kit module's basic functionality",
        "fullFile": "D:\\Dev\\cicd\\test\\weather-kit-test.js",
        "file": "\\test\\weather-kit-test.js",
        "beforeHooks": [],
        "afterHooks": [],
        "tests": [
          {
            "title": "should return true for umbrella test if it is raining",
            "fullTitle": "Test the weather kit module's basic functionality should return true for umbrella test if it is raining",
            "timedOut": false,
            "duration": 4,
            "state": "passed",
            "speed": "fast",
            "pass": true,
            "fail": false,
            "pending": false,
            "code": "expect(helloWeather.doINeed.umbrella(monday)).to.be.a('boolean');\nexpect(helloWeather.doINeed.umbrella(tuesday)).equal(false);\nexpect(helloWeather.doINeed.umbrella(wednesday)).equal(false);\nexpect(helloWeather.doINeed.umbrella(friday)).equal(true);",
            "err": {},
            "isRoot": false,
            "uuid": "10f77a9b-3719-4a79-a178-a510c6f673bd",
            "isHook": false,
            "skipped": false
          },
          {
            "title": "should return true if suncream is required",
            "fullTitle": "Test the weather kit module's basic functionality should return true if suncream is required",
            "timedOut": false,
            "duration": 1,
            "state": "passed",
            "speed": "fast",
            "pass": true,
            "fail": false,
            "pending": false,
            "code": "helloWeather.doINeed.suncream(monday).should.be.a('boolean');\nhelloWeather.doINeed.suncream(monday).should.equal(false);\nhelloWeather.doINeed.suncream(tuesday).should.equal(false);\nhelloWeather.doINeed.suncream(wednesday).should.equal(true);",
            "err": {},
            "isRoot": false,
            "uuid": "da2af952-4849-4f80-ab5d-fe15d4048864",
            "isHook": false,
            "skipped": false
          },
          {
            "title": "should return true if jumper is required",
            "fullTitle": "Test the weather kit module's basic functionality should return true if jumper is required",
            "timedOut": false,
            "duration": 0,
            "state": "passed",
            "speed": "fast",
            "pass": true,
            "fail": false,
            "pending": false,
            "code": "assert.typeOf(helloWeather.doINeed.jumper(monday), 'boolean');\nassert.typeOf(helloWeather.doINeed.jumper(tuesday), 'boolean', 'boolean returned');\nassert.equal(\n    helloWeather.doINeed.jumper(wednesday),\n    false,\n    'should return false, because it is very warm on wednesday'\n);\nassert.equal(helloWeather.doINeed.jumper(thuresday), true)",
            "err": {},
            "isRoot": false,
            "uuid": "33165c66-1669-4625-823f-5a72a28a04ae",
            "isHook": false,
            "skipped": false
          },
          {
            "title": "should always return true as water is always required",
            "fullTitle": "Test the weather kit module's basic functionality should always return true as water is always required",
            "timedOut": false,
            "duration": 0,
            "state": "passed",
            "speed": "fast",
            "pass": true,
            "fail": false,
            "pending": false,
            "code": "expect(helloWeather.doINeed.water(monday)).equal(true);",
            "err": {},
            "isRoot": false,
            "uuid": "df2591dd-4b83-46b9-947a-cccb5ca1c0d3",
            "isHook": false,
            "skipped": false
          }
        ],
        "suites": [],
        "passes": [
          "10f77a9b-3719-4a79-a178-a510c6f673bd",
          "da2af952-4849-4f80-ab5d-fe15d4048864",
          "33165c66-1669-4625-823f-5a72a28a04ae",
          "df2591dd-4b83-46b9-947a-cccb5ca1c0d3"
        ],
        "failures": [],
        "pending": [],
        "skipped": [],
        "duration": 5,
        "root": false,
        "rootEmpty": false,
        "_timeout": 2000
      }
    ],
    "passes": [],
    "failures": [],
    "pending": [],
    "skipped": [],
    "duration": 0,
    "root": true,
    "rootEmpty": true,
    "_timeout": 2000
  },
  "copyrightYear": 2024
}